[0.377s] Invoking command in '/home/hunter/Robot_Perception_System/perception_stack_ws/src/build/perception': AMENT_PREFIX_PATH=/home/hunter/Robot_Perception_System/perception_stack_ws/src/install/perception_interfaces:${AMENT_PREFIX_PATH} CMAKE_PREFIX_PATH=/home/hunter/Robot_Perception_System/perception_stack_ws/src/install/perception_interfaces:${CMAKE_PREFIX_PATH} LD_LIBRARY_PATH=/home/hunter/Robot_Perception_System/perception_stack_ws/src/install/perception_interfaces/lib:${LD_LIBRARY_PATH} PYTHONPATH=/home/hunter/Robot_Perception_System/perception_stack_ws/src/build/perception/prefix_override:/usr/lib/python3/dist-packages/colcon_core/task/python/colcon_distutils_commands:/home/hunter/Robot_Perception_System/perception_stack_ws/src/install/perception/lib/python3.10/site-packages:/home/hunter/Robot_Perception_System/perception_stack_ws/src/install/perception_interfaces/local/lib/python3.10/dist-packages:${PYTHONPATH} /usr/bin/python3 -W ignore:setup.py install is deprecated -W ignore:easy_install command is deprecated setup.py develop --editable --build-directory /home/hunter/Robot_Perception_System/perception_stack_ws/src/build/perception/build --no-deps symlink_data
[0.535s] running develop
[0.623s] running egg_info
[0.623s] creating perception.egg-info
[0.624s] writing perception.egg-info/PKG-INFO
[0.624s] writing dependency_links to perception.egg-info/dependency_links.txt
[0.624s] writing entry points to perception.egg-info/entry_points.txt
[0.624s] writing requirements to perception.egg-info/requires.txt
[0.624s] writing top-level names to perception.egg-info/top_level.txt
[0.624s] writing manifest file 'perception.egg-info/SOURCES.txt'
[0.625s] reading manifest file 'perception.egg-info/SOURCES.txt'
[0.625s] writing manifest file 'perception.egg-info/SOURCES.txt'
[0.626s] running build_ext
[0.626s] Creating /home/hunter/Robot_Perception_System/perception_stack_ws/src/install/perception/lib/python3.10/site-packages/perception.egg-link (link to .)
[0.626s] Installing cam_publisher script to /home/hunter/Robot_Perception_System/perception_stack_ws/src/install/perception/lib/perception
[0.627s] Installing speed script to /home/hunter/Robot_Perception_System/perception_stack_ws/src/install/perception/lib/perception
[0.627s] Installing tracker script to /home/hunter/Robot_Perception_System/perception_stack_ws/src/install/perception/lib/perception
[0.627s] 
[0.627s] Installed /home/hunter/Robot_Perception_System/perception_stack_ws/src/build/perception
[0.627s] running symlink_data
[0.627s] creating /home/hunter/Robot_Perception_System/perception_stack_ws/src/install/perception/share/ament_index
[0.627s] creating /home/hunter/Robot_Perception_System/perception_stack_ws/src/install/perception/share/ament_index/resource_index
[0.627s] creating /home/hunter/Robot_Perception_System/perception_stack_ws/src/install/perception/share/ament_index/resource_index/packages
[0.627s] symbolically linking /home/hunter/Robot_Perception_System/perception_stack_ws/src/build/perception/resource/perception -> /home/hunter/Robot_Perception_System/perception_stack_ws/src/install/perception/share/ament_index/resource_index/packages
[0.627s] symbolically linking /home/hunter/Robot_Perception_System/perception_stack_ws/src/build/perception/package.xml -> /home/hunter/Robot_Perception_System/perception_stack_ws/src/install/perception/share/perception
[0.642s] Invoked command in '/home/hunter/Robot_Perception_System/perception_stack_ws/src/build/perception' returned '0': AMENT_PREFIX_PATH=/home/hunter/Robot_Perception_System/perception_stack_ws/src/install/perception_interfaces:${AMENT_PREFIX_PATH} CMAKE_PREFIX_PATH=/home/hunter/Robot_Perception_System/perception_stack_ws/src/install/perception_interfaces:${CMAKE_PREFIX_PATH} LD_LIBRARY_PATH=/home/hunter/Robot_Perception_System/perception_stack_ws/src/install/perception_interfaces/lib:${LD_LIBRARY_PATH} PYTHONPATH=/home/hunter/Robot_Perception_System/perception_stack_ws/src/build/perception/prefix_override:/usr/lib/python3/dist-packages/colcon_core/task/python/colcon_distutils_commands:/home/hunter/Robot_Perception_System/perception_stack_ws/src/install/perception/lib/python3.10/site-packages:/home/hunter/Robot_Perception_System/perception_stack_ws/src/install/perception_interfaces/local/lib/python3.10/dist-packages:${PYTHONPATH} /usr/bin/python3 -W ignore:setup.py install is deprecated -W ignore:easy_install command is deprecated setup.py develop --editable --build-directory /home/hunter/Robot_Perception_System/perception_stack_ws/src/build/perception/build --no-deps symlink_data
