[0.006s] Invoking command in '/home/hunter/Robot_Perception_System/perception_stack_ws/src/build/perception_interfaces': CMAKE_PREFIX_PATH=${CMAKE_PREFIX_PATH}:/home/hunter/Robot_Perception_System/perception_stack_ws/install/perception:/opt/ros/humble /usr/bin/cmake /home/hunter/Robot_Perception_System/perception_stack_ws/src/perception_interfaces -DAMENT_CMAKE_SYMLINK_INSTALL=1 -DCMAKE_INSTALL_PREFIX=/home/hunter/Robot_Perception_System/perception_stack_ws/src/install/perception_interfaces
[0.065s] -- The C compiler identification is GNU 11.4.0
[0.120s] -- The CXX compiler identification is GNU 11.4.0
[0.125s] -- Detecting C compiler ABI info
[0.166s] -- Detecting C compiler ABI info - done
[0.170s] -- Check for working C compiler: /usr/bin/cc - skipped
[0.171s] -- Detecting C compile features
[0.171s] -- Detecting C compile features - done
[0.173s] -- Detecting CXX compiler ABI info
[0.223s] -- Detecting CXX compiler ABI info - done
[0.228s] -- Check for working CXX compiler: /usr/bin/c++ - skipped
[0.228s] -- Detecting CXX compile features
[0.229s] -- Detecting CXX compile features - done
[0.232s] -- Found ament_cmake: 1.3.11 (/opt/ros/humble/share/ament_cmake/cmake)
[0.327s] -- Found Python3: /usr/bin/python3 (found version "3.10.12") found components: Interpreter 
[0.366s] -- Override CMake install command with custom implementation using symlinks instead of copying resources
[0.379s] -- Found rosidl_default_generators: 1.2.0 (/opt/ros/humble/share/rosidl_default_generators/cmake)
[0.381s] -- Using all available rosidl_typesupport_c: rosidl_typesupport_fastrtps_c;rosidl_typesupport_introspection_c
[0.384s] -- Found rosidl_adapter: 3.1.6 (/opt/ros/humble/share/rosidl_adapter/cmake)
[0.406s] -- Using all available rosidl_typesupport_cpp: rosidl_typesupport_fastrtps_cpp;rosidl_typesupport_introspection_cpp
[0.569s] -- Found ament_cmake_ros: 0.10.0 (/opt/ros/humble/share/ament_cmake_ros/cmake)
[0.686s] -- Using all available rosidl_typesupport_c: rosidl_typesupport_fastrtps_c;rosidl_typesupport_introspection_c
[0.823s] -- Using all available rosidl_typesupport_cpp: rosidl_typesupport_fastrtps_cpp;rosidl_typesupport_introspection_cpp
[0.838s] -- Found PythonInterp: /usr/bin/python3 (found suitable version "3.10.12", minimum required is "3.6") 
[0.839s] -- Found python_cmake_module: 0.10.0 (/opt/ros/humble/share/python_cmake_module/cmake)
[0.857s] -- Found PythonLibs: /usr/lib/x86_64-linux-gnu/libpython3.10.so (found suitable version "3.10.12", minimum required is "3.5") 
[0.857s] -- Using PYTHON_EXECUTABLE: /usr/bin/python3
[0.857s] -- Using PYTHON_INCLUDE_DIRS: /usr/include/python3.10
[0.857s] -- Using PYTHON_LIBRARIES: /usr/lib/x86_64-linux-gnu/libpython3.10.so
[0.870s] -- Found PythonExtra: .so  
[0.895s] -- Configuring done
[0.909s] -- Generating done
[0.915s] -- Build files have been written to: /home/hunter/Robot_Perception_System/perception_stack_ws/src/build/perception_interfaces
[0.920s] Invoked command in '/home/hunter/Robot_Perception_System/perception_stack_ws/src/build/perception_interfaces' returned '0': CMAKE_PREFIX_PATH=${CMAKE_PREFIX_PATH}:/home/hunter/Robot_Perception_System/perception_stack_ws/install/perception:/opt/ros/humble /usr/bin/cmake /home/hunter/Robot_Perception_System/perception_stack_ws/src/perception_interfaces -DAMENT_CMAKE_SYMLINK_INSTALL=1 -DCMAKE_INSTALL_PREFIX=/home/hunter/Robot_Perception_System/perception_stack_ws/src/install/perception_interfaces
[0.921s] Invoking command in '/home/hunter/Robot_Perception_System/perception_stack_ws/src/build/perception_interfaces': CMAKE_PREFIX_PATH=${CMAKE_PREFIX_PATH}:/home/hunter/Robot_Perception_System/perception_stack_ws/install/perception:/opt/ros/humble /usr/bin/cmake --build /home/hunter/Robot_Perception_System/perception_stack_ws/src/build/perception_interfaces -- -j16 -l16
[0.944s] [  3%] [34m[1mGenerating C code for ROS interfaces[0m
[0.951s] [  6%] [34m[1mGenerating C++ code for ROS interfaces[0m
[0.956s] [  6%] Built target ament_cmake_python_symlink_perception_interfaces
[1.102s] running egg_info
[1.103s] creating perception_interfaces.egg-info
[1.103s] writing perception_interfaces.egg-info/PKG-INFO
[1.103s] writing dependency_links to perception_interfaces.egg-info/dependency_links.txt
[1.103s] writing top-level names to perception_interfaces.egg-info/top_level.txt
[1.103s] writing manifest file 'perception_interfaces.egg-info/SOURCES.txt'
[1.104s] reading manifest file 'perception_interfaces.egg-info/SOURCES.txt'
[1.105s] writing manifest file 'perception_interfaces.egg-info/SOURCES.txt'
[1.105s] [  6%] Built target perception_interfaces__cpp
[1.111s] [  9%] [34m[1mGenerating C++ type support for eProsima Fast-RTPS[0m
[1.111s] [ 12%] [34m[1mGenerating C++ introspection for ROS interfaces[0m
[1.111s] [ 16%] [34m[1mGenerating C++ type support dispatch for ROS interfaces[0m
[1.118s] [ 19%] [32mBuilding C object CMakeFiles/perception_interfaces__rosidl_generator_c.dir/rosidl_generator_c/perception_interfaces/msg/detail/tracked_object__functions.c.o[0m
[1.123s] [ 19%] Built target ament_cmake_python_build_perception_interfaces_egg
[1.160s] [ 22%] [32m[1mLinking C shared library libperception_interfaces__rosidl_generator_c.so[0m
[1.184s] [ 22%] Built target perception_interfaces__rosidl_generator_c
[1.191s] [ 32%] [34m[1mGenerating C introspection for ROS interfaces[0m
[1.191s] [ 32%] [34m[1mGenerating C type support for eProsima Fast-RTPS[0m
[1.191s] [ 32%] [34m[1mGenerating C type support dispatch for ROS interfaces[0m
[1.260s] [ 35%] [32mBuilding CXX object CMakeFiles/perception_interfaces__rosidl_typesupport_cpp.dir/rosidl_typesupport_cpp/perception_interfaces/msg/tracked_object__type_support.cpp.o[0m
[1.270s] [ 38%] [32mBuilding CXX object CMakeFiles/perception_interfaces__rosidl_typesupport_introspection_cpp.dir/rosidl_typesupport_introspection_cpp/perception_interfaces/msg/detail/tracked_object__type_support.cpp.o[0m
[1.273s] [ 41%] [32mBuilding CXX object CMakeFiles/perception_interfaces__rosidl_typesupport_fastrtps_cpp.dir/rosidl_typesupport_fastrtps_cpp/perception_interfaces/msg/detail/dds_fastrtps/tracked_object__type_support.cpp.o[0m
[1.342s] [ 45%] [32mBuilding CXX object CMakeFiles/perception_interfaces__rosidl_typesupport_c.dir/rosidl_typesupport_c/perception_interfaces/msg/tracked_object__type_support.cpp.o[0m
[1.355s] [ 48%] [32mBuilding C object CMakeFiles/perception_interfaces__rosidl_typesupport_introspection_c.dir/rosidl_typesupport_introspection_c/perception_interfaces/msg/detail/tracked_object__type_support.c.o[0m
[1.357s] [ 51%] [32mBuilding CXX object CMakeFiles/perception_interfaces__rosidl_typesupport_fastrtps_c.dir/rosidl_typesupport_fastrtps_c/perception_interfaces/msg/detail/tracked_object__type_support_c.cpp.o[0m
[1.362s] [ 54%] [32m[1mLinking CXX shared library libperception_interfaces__rosidl_typesupport_c.so[0m
[1.377s] [ 58%] [32m[1mLinking C shared library libperception_interfaces__rosidl_typesupport_introspection_c.so[0m
[1.389s] [ 58%] Built target perception_interfaces__rosidl_typesupport_c
[1.396s] [ 58%] Built target perception_interfaces__rosidl_typesupport_introspection_c
[1.438s] [ 61%] [32m[1mLinking CXX shared library libperception_interfaces__rosidl_typesupport_cpp.so[0m
[1.466s] [ 61%] Built target perception_interfaces__rosidl_typesupport_cpp
[1.521s] [ 67%] [32m[1mLinking CXX shared library libperception_interfaces__rosidl_typesupport_fastrtps_cpp.so[0m
[1.522s] [ 67%] [32m[1mLinking CXX shared library libperception_interfaces__rosidl_typesupport_introspection_cpp.so[0m
[1.571s] [ 67%] Built target perception_interfaces__rosidl_typesupport_introspection_cpp
[1.572s] [ 67%] Built target perception_interfaces__rosidl_typesupport_fastrtps_cpp
[1.587s] [ 70%] [32m[1mLinking CXX shared library libperception_interfaces__rosidl_typesupport_fastrtps_c.so[0m
[1.632s] [ 70%] Built target perception_interfaces__rosidl_typesupport_fastrtps_c
[1.643s] [ 70%] Built target perception_interfaces
[1.653s] [ 74%] [34m[1mGenerating Python code for ROS interfaces[0m
[1.839s] [ 74%] Built target perception_interfaces__py
[1.850s] [ 77%] [32mBuilding C object CMakeFiles/perception_interfaces__rosidl_generator_py.dir/rosidl_generator_py/perception_interfaces/msg/_tracked_object_s.c.o[0m
[1.927s] [ 80%] [32m[1mLinking C shared library rosidl_generator_py/perception_interfaces/libperception_interfaces__rosidl_generator_py.so[0m
[1.957s] [ 80%] Built target perception_interfaces__rosidl_generator_py
[1.972s] [ 83%] [32mBuilding C object CMakeFiles/perception_interfaces__rosidl_typesupport_fastrtps_c__pyext.dir/rosidl_generator_py/perception_interfaces/_perception_interfaces_s.ep.rosidl_typesupport_fastrtps_c.c.o[0m
[1.972s] [ 87%] [32mBuilding C object CMakeFiles/perception_interfaces__rosidl_typesupport_c__pyext.dir/rosidl_generator_py/perception_interfaces/_perception_interfaces_s.ep.rosidl_typesupport_c.c.o[0m
[1.972s] [ 90%] [32mBuilding C object CMakeFiles/perception_interfaces__rosidl_typesupport_introspection_c__pyext.dir/rosidl_generator_py/perception_interfaces/_perception_interfaces_s.ep.rosidl_typesupport_introspection_c.c.o[0m
[2.027s] [ 96%] [32m[1mLinking C shared library rosidl_generator_py/perception_interfaces/perception_interfaces_s__rosidl_typesupport_c.cpython-310-x86_64-linux-gnu.so[0m
[2.027s] [ 96%] [32m[1mLinking C shared library rosidl_generator_py/perception_interfaces/perception_interfaces_s__rosidl_typesupport_introspection_c.cpython-310-x86_64-linux-gnu.so[0m
[2.027s] [100%] [32m[1mLinking C shared library rosidl_generator_py/perception_interfaces/perception_interfaces_s__rosidl_typesupport_fastrtps_c.cpython-310-x86_64-linux-gnu.so[0m
[2.048s] [100%] Built target perception_interfaces__rosidl_typesupport_c__pyext
[2.048s] [100%] Built target perception_interfaces__rosidl_typesupport_fastrtps_c__pyext
[2.048s] [100%] Built target perception_interfaces__rosidl_typesupport_introspection_c__pyext
[2.056s] Invoked command in '/home/hunter/Robot_Perception_System/perception_stack_ws/src/build/perception_interfaces' returned '0': CMAKE_PREFIX_PATH=${CMAKE_PREFIX_PATH}:/home/hunter/Robot_Perception_System/perception_stack_ws/install/perception:/opt/ros/humble /usr/bin/cmake --build /home/hunter/Robot_Perception_System/perception_stack_ws/src/build/perception_interfaces -- -j16 -l16
[2.062s] Invoking command in '/home/hunter/Robot_Perception_System/perception_stack_ws/src/build/perception_interfaces': CMAKE_PREFIX_PATH=${CMAKE_PREFIX_PATH}:/home/hunter/Robot_Perception_System/perception_stack_ws/install/perception:/opt/ros/humble /usr/bin/cmake --install /home/hunter/Robot_Perception_System/perception_stack_ws/src/build/perception_interfaces
[2.067s] -- Install configuration: ""
[2.067s] -- Execute custom install script
[2.067s] -- Symlinking: /home/hunter/Robot_Perception_System/perception_stack_ws/src/install/perception_interfaces/share/ament_index/resource_index/rosidl_interfaces/perception_interfaces
[2.073s] -- Symlinking: /home/hunter/Robot_Perception_System/perception_stack_ws/src/install/perception_interfaces/include/perception_interfaces/perception_interfaces/msg/detail/tracked_object__functions.h
[2.077s] -- Symlinking: /home/hunter/Robot_Perception_System/perception_stack_ws/src/install/perception_interfaces/include/perception_interfaces/perception_interfaces/msg/detail/tracked_object__struct.h
[2.082s] -- Symlinking: /home/hunter/Robot_Perception_System/perception_stack_ws/src/install/perception_interfaces/include/perception_interfaces/perception_interfaces/msg/detail/tracked_object__type_support.h
[2.087s] -- Symlinking: /home/hunter/Robot_Perception_System/perception_stack_ws/src/install/perception_interfaces/include/perception_interfaces/perception_interfaces/msg/rosidl_generator_c__visibility_control.h
[2.092s] -- Symlinking: /home/hunter/Robot_Perception_System/perception_stack_ws/src/install/perception_interfaces/include/perception_interfaces/perception_interfaces/msg/tracked_object.h
[2.097s] -- Symlinking: /home/hunter/Robot_Perception_System/perception_stack_ws/src/install/perception_interfaces/share/perception_interfaces/environment/library_path.sh
[2.102s] -- Symlinking: /home/hunter/Robot_Perception_System/perception_stack_ws/src/install/perception_interfaces/share/perception_interfaces/environment/library_path.dsv
[2.107s] -- Symlinking: /home/hunter/Robot_Perception_System/perception_stack_ws/src/install/perception_interfaces/include/perception_interfaces/perception_interfaces/msg/detail/tracked_object__rosidl_typesupport_fastrtps_c.h
[2.112s] -- Symlinking: /home/hunter/Robot_Perception_System/perception_stack_ws/src/install/perception_interfaces/include/perception_interfaces/perception_interfaces/msg/rosidl_typesupport_fastrtps_c__visibility_control.h
[2.118s] -- Symlinking: /home/hunter/Robot_Perception_System/perception_stack_ws/src/install/perception_interfaces/include/perception_interfaces/perception_interfaces/msg/detail/tracked_object__rosidl_typesupport_introspection_c.h
[2.123s] -- Symlinking: /home/hunter/Robot_Perception_System/perception_stack_ws/src/install/perception_interfaces/include/perception_interfaces/perception_interfaces/msg/rosidl_typesupport_introspection_c__visibility_control.h
[2.128s] -- Symlinking: /home/hunter/Robot_Perception_System/perception_stack_ws/src/install/perception_interfaces/include/perception_interfaces/perception_interfaces/msg/detail/tracked_object__builder.hpp
[2.133s] -- Symlinking: /home/hunter/Robot_Perception_System/perception_stack_ws/src/install/perception_interfaces/include/perception_interfaces/perception_interfaces/msg/detail/tracked_object__struct.hpp
[2.138s] -- Symlinking: /home/hunter/Robot_Perception_System/perception_stack_ws/src/install/perception_interfaces/include/perception_interfaces/perception_interfaces/msg/detail/tracked_object__traits.hpp
[2.143s] -- Symlinking: /home/hunter/Robot_Perception_System/perception_stack_ws/src/install/perception_interfaces/include/perception_interfaces/perception_interfaces/msg/detail/tracked_object__type_support.hpp
[2.149s] -- Symlinking: /home/hunter/Robot_Perception_System/perception_stack_ws/src/install/perception_interfaces/include/perception_interfaces/perception_interfaces/msg/rosidl_generator_cpp__visibility_control.hpp
[2.153s] -- Symlinking: /home/hunter/Robot_Perception_System/perception_stack_ws/src/install/perception_interfaces/include/perception_interfaces/perception_interfaces/msg/tracked_object.hpp
[2.158s] -- Symlinking: /home/hunter/Robot_Perception_System/perception_stack_ws/src/install/perception_interfaces/include/perception_interfaces/perception_interfaces/msg/detail/tracked_object__rosidl_typesupport_fastrtps_cpp.hpp
[2.163s] -- Symlinking: /home/hunter/Robot_Perception_System/perception_stack_ws/src/install/perception_interfaces/include/perception_interfaces/perception_interfaces/msg/rosidl_typesupport_fastrtps_cpp__visibility_control.h
[2.168s] -- Symlinking: /home/hunter/Robot_Perception_System/perception_stack_ws/src/install/perception_interfaces/include/perception_interfaces/perception_interfaces/msg/detail/tracked_object__rosidl_typesupport_introspection_cpp.hpp
[2.173s] -- Symlinking: /home/hunter/Robot_Perception_System/perception_stack_ws/src/install/perception_interfaces/share/perception_interfaces/environment/pythonpath.sh
[2.177s] -- Symlinking: /home/hunter/Robot_Perception_System/perception_stack_ws/src/install/perception_interfaces/share/perception_interfaces/environment/pythonpath.dsv
[2.182s] -- Symlinking: /home/hunter/Robot_Perception_System/perception_stack_ws/src/install/perception_interfaces/local/lib/python3.10/dist-packages/perception_interfaces-0.0.0-py3.10.egg-info/PKG-INFO
[2.187s] -- Symlinking: /home/hunter/Robot_Perception_System/perception_stack_ws/src/install/perception_interfaces/local/lib/python3.10/dist-packages/perception_interfaces-0.0.0-py3.10.egg-info/SOURCES.txt
[2.192s] -- Symlinking: /home/hunter/Robot_Perception_System/perception_stack_ws/src/install/perception_interfaces/local/lib/python3.10/dist-packages/perception_interfaces-0.0.0-py3.10.egg-info/dependency_links.txt
[2.196s] -- Symlinking: /home/hunter/Robot_Perception_System/perception_stack_ws/src/install/perception_interfaces/local/lib/python3.10/dist-packages/perception_interfaces-0.0.0-py3.10.egg-info/top_level.txt
[2.201s] -- Symlinking: /home/hunter/Robot_Perception_System/perception_stack_ws/src/install/perception_interfaces/local/lib/python3.10/dist-packages/perception_interfaces/__init__.py
[2.206s] -- Symlinking: /home/hunter/Robot_Perception_System/perception_stack_ws/src/install/perception_interfaces/local/lib/python3.10/dist-packages/perception_interfaces/_perception_interfaces_s.ep.rosidl_typesupport_c.c
[2.211s] -- Symlinking: /home/hunter/Robot_Perception_System/perception_stack_ws/src/install/perception_interfaces/local/lib/python3.10/dist-packages/perception_interfaces/_perception_interfaces_s.ep.rosidl_typesupport_fastrtps_c.c
[2.215s] -- Symlinking: /home/hunter/Robot_Perception_System/perception_stack_ws/src/install/perception_interfaces/local/lib/python3.10/dist-packages/perception_interfaces/_perception_interfaces_s.ep.rosidl_typesupport_introspection_c.c
[2.219s] -- Symlinking: /home/hunter/Robot_Perception_System/perception_stack_ws/src/install/perception_interfaces/local/lib/python3.10/dist-packages/perception_interfaces/libperception_interfaces__rosidl_generator_py.so
[2.223s] -- Symlinking: /home/hunter/Robot_Perception_System/perception_stack_ws/src/install/perception_interfaces/local/lib/python3.10/dist-packages/perception_interfaces/msg/__init__.py
[2.228s] -- Symlinking: /home/hunter/Robot_Perception_System/perception_stack_ws/src/install/perception_interfaces/local/lib/python3.10/dist-packages/perception_interfaces/msg/_tracked_object.py
[2.232s] -- Symlinking: /home/hunter/Robot_Perception_System/perception_stack_ws/src/install/perception_interfaces/local/lib/python3.10/dist-packages/perception_interfaces/msg/_tracked_object_s.c
[2.236s] -- Symlinking: /home/hunter/Robot_Perception_System/perception_stack_ws/src/install/perception_interfaces/local/lib/python3.10/dist-packages/perception_interfaces/perception_interfaces_s__rosidl_typesupport_c.cpython-310-x86_64-linux-gnu.so
[2.240s] -- Symlinking: /home/hunter/Robot_Perception_System/perception_stack_ws/src/install/perception_interfaces/local/lib/python3.10/dist-packages/perception_interfaces/perception_interfaces_s__rosidl_typesupport_fastrtps_c.cpython-310-x86_64-linux-gnu.so
[2.245s] -- Symlinking: /home/hunter/Robot_Perception_System/perception_stack_ws/src/install/perception_interfaces/local/lib/python3.10/dist-packages/perception_interfaces/perception_interfaces_s__rosidl_typesupport_introspection_c.cpython-310-x86_64-linux-gnu.so
[2.249s] -- Up-to-date symlink: /home/hunter/Robot_Perception_System/perception_stack_ws/src/install/perception_interfaces/local/lib/python3.10/dist-packages/perception_interfaces/perception_interfaces_s__rosidl_typesupport_fastrtps_c.cpython-310-x86_64-linux-gnu.so
[2.249s] -- Up-to-date symlink: /home/hunter/Robot_Perception_System/perception_stack_ws/src/install/perception_interfaces/local/lib/python3.10/dist-packages/perception_interfaces/perception_interfaces_s__rosidl_typesupport_introspection_c.cpython-310-x86_64-linux-gnu.so
[2.249s] -- Up-to-date symlink: /home/hunter/Robot_Perception_System/perception_stack_ws/src/install/perception_interfaces/local/lib/python3.10/dist-packages/perception_interfaces/perception_interfaces_s__rosidl_typesupport_c.cpython-310-x86_64-linux-gnu.so
[2.249s] -- Symlinking: /home/hunter/Robot_Perception_System/perception_stack_ws/src/install/perception_interfaces/share/perception_interfaces/msg/TrackedObject.idl
[2.253s] -- Symlinking: /home/hunter/Robot_Perception_System/perception_stack_ws/src/install/perception_interfaces/share/perception_interfaces/msg/TrackedObject.msg
[2.258s] -- Symlinking: /home/hunter/Robot_Perception_System/perception_stack_ws/src/install/perception_interfaces/share/ament_index/resource_index/package_run_dependencies/perception_interfaces
[2.262s] -- Symlinking: /home/hunter/Robot_Perception_System/perception_stack_ws/src/install/perception_interfaces/share/ament_index/resource_index/parent_prefix_path/perception_interfaces
[2.266s] -- Symlinking: /home/hunter/Robot_Perception_System/perception_stack_ws/src/install/perception_interfaces/share/perception_interfaces/environment/ament_prefix_path.sh
[2.271s] -- Symlinking: /home/hunter/Robot_Perception_System/perception_stack_ws/src/install/perception_interfaces/share/perception_interfaces/environment/ament_prefix_path.dsv
[2.275s] -- Symlinking: /home/hunter/Robot_Perception_System/perception_stack_ws/src/install/perception_interfaces/share/perception_interfaces/environment/path.sh
[2.279s] -- Symlinking: /home/hunter/Robot_Perception_System/perception_stack_ws/src/install/perception_interfaces/share/perception_interfaces/environment/path.dsv
[2.283s] -- Symlinking: /home/hunter/Robot_Perception_System/perception_stack_ws/src/install/perception_interfaces/share/perception_interfaces/local_setup.bash
[2.288s] -- Symlinking: /home/hunter/Robot_Perception_System/perception_stack_ws/src/install/perception_interfaces/share/perception_interfaces/local_setup.sh
[2.292s] -- Symlinking: /home/hunter/Robot_Perception_System/perception_stack_ws/src/install/perception_interfaces/share/perception_interfaces/local_setup.zsh
[2.296s] -- Symlinking: /home/hunter/Robot_Perception_System/perception_stack_ws/src/install/perception_interfaces/share/perception_interfaces/local_setup.dsv
[2.301s] -- Symlinking: /home/hunter/Robot_Perception_System/perception_stack_ws/src/install/perception_interfaces/share/perception_interfaces/package.dsv
[2.306s] -- Symlinking: /home/hunter/Robot_Perception_System/perception_stack_ws/src/install/perception_interfaces/share/ament_index/resource_index/packages/perception_interfaces
[2.311s] -- Symlinking: /home/hunter/Robot_Perception_System/perception_stack_ws/src/install/perception_interfaces/share/perception_interfaces/cmake/rosidl_cmake-extras.cmake
[2.315s] -- Symlinking: /home/hunter/Robot_Perception_System/perception_stack_ws/src/install/perception_interfaces/share/perception_interfaces/cmake/ament_cmake_export_include_directories-extras.cmake
[2.320s] -- Symlinking: /home/hunter/Robot_Perception_System/perception_stack_ws/src/install/perception_interfaces/share/perception_interfaces/cmake/ament_cmake_export_libraries-extras.cmake
[2.325s] -- Symlinking: /home/hunter/Robot_Perception_System/perception_stack_ws/src/install/perception_interfaces/share/perception_interfaces/cmake/ament_cmake_export_targets-extras.cmake
[2.330s] -- Symlinking: /home/hunter/Robot_Perception_System/perception_stack_ws/src/install/perception_interfaces/share/perception_interfaces/cmake/rosidl_cmake_export_typesupport_targets-extras.cmake
[2.335s] -- Symlinking: /home/hunter/Robot_Perception_System/perception_stack_ws/src/install/perception_interfaces/share/perception_interfaces/cmake/ament_cmake_export_dependencies-extras.cmake
[2.340s] -- Symlinking: /home/hunter/Robot_Perception_System/perception_stack_ws/src/install/perception_interfaces/share/perception_interfaces/cmake/rosidl_cmake_export_typesupport_libraries-extras.cmake
[2.344s] -- Symlinking: /home/hunter/Robot_Perception_System/perception_stack_ws/src/install/perception_interfaces/share/perception_interfaces/cmake/perception_interfacesConfig.cmake
[2.349s] -- Symlinking: /home/hunter/Robot_Perception_System/perception_stack_ws/src/install/perception_interfaces/share/perception_interfaces/cmake/perception_interfacesConfig-version.cmake
[2.354s] -- Symlinking: /home/hunter/Robot_Perception_System/perception_stack_ws/src/install/perception_interfaces/share/perception_interfaces/package.xml
[2.359s] -- Installing: /home/hunter/Robot_Perception_System/perception_stack_ws/src/install/perception_interfaces/lib/libperception_interfaces__rosidl_generator_c.so
[2.359s] -- Set runtime path of "/home/hunter/Robot_Perception_System/perception_stack_ws/src/install/perception_interfaces/lib/libperception_interfaces__rosidl_generator_c.so" to ""
[2.359s] -- Installing: /home/hunter/Robot_Perception_System/perception_stack_ws/src/install/perception_interfaces/lib/libperception_interfaces__rosidl_typesupport_fastrtps_c.so
[2.359s] -- Set runtime path of "/home/hunter/Robot_Perception_System/perception_stack_ws/src/install/perception_interfaces/lib/libperception_interfaces__rosidl_typesupport_fastrtps_c.so" to ""
[2.359s] -- Installing: /home/hunter/Robot_Perception_System/perception_stack_ws/src/install/perception_interfaces/lib/libperception_interfaces__rosidl_typesupport_introspection_c.so
[2.359s] -- Set runtime path of "/home/hunter/Robot_Perception_System/perception_stack_ws/src/install/perception_interfaces/lib/libperception_interfaces__rosidl_typesupport_introspection_c.so" to ""
[2.359s] -- Installing: /home/hunter/Robot_Perception_System/perception_stack_ws/src/install/perception_interfaces/lib/libperception_interfaces__rosidl_typesupport_c.so
[2.359s] -- Set runtime path of "/home/hunter/Robot_Perception_System/perception_stack_ws/src/install/perception_interfaces/lib/libperception_interfaces__rosidl_typesupport_c.so" to ""
[2.359s] -- Installing: /home/hunter/Robot_Perception_System/perception_stack_ws/src/install/perception_interfaces/lib/libperception_interfaces__rosidl_typesupport_fastrtps_cpp.so
[2.360s] -- Set runtime path of "/home/hunter/Robot_Perception_System/perception_stack_ws/src/install/perception_interfaces/lib/libperception_interfaces__rosidl_typesupport_fastrtps_cpp.so" to ""
[2.360s] -- Installing: /home/hunter/Robot_Perception_System/perception_stack_ws/src/install/perception_interfaces/lib/libperception_interfaces__rosidl_typesupport_introspection_cpp.so
[2.360s] -- Set runtime path of "/home/hunter/Robot_Perception_System/perception_stack_ws/src/install/perception_interfaces/lib/libperception_interfaces__rosidl_typesupport_introspection_cpp.so" to ""
[2.360s] -- Installing: /home/hunter/Robot_Perception_System/perception_stack_ws/src/install/perception_interfaces/lib/libperception_interfaces__rosidl_typesupport_cpp.so
[2.360s] -- Set runtime path of "/home/hunter/Robot_Perception_System/perception_stack_ws/src/install/perception_interfaces/lib/libperception_interfaces__rosidl_typesupport_cpp.so" to ""
[2.382s] Listing '/home/hunter/Robot_Perception_System/perception_stack_ws/src/install/perception_interfaces/local/lib/python3.10/dist-packages/perception_interfaces'...
[2.382s] Compiling '/home/hunter/Robot_Perception_System/perception_stack_ws/src/install/perception_interfaces/local/lib/python3.10/dist-packages/perception_interfaces/__init__.py'...
[2.382s] Listing '/home/hunter/Robot_Perception_System/perception_stack_ws/src/install/perception_interfaces/local/lib/python3.10/dist-packages/perception_interfaces/msg'...
[2.382s] Compiling '/home/hunter/Robot_Perception_System/perception_stack_ws/src/install/perception_interfaces/local/lib/python3.10/dist-packages/perception_interfaces/msg/__init__.py'...
[2.382s] Compiling '/home/hunter/Robot_Perception_System/perception_stack_ws/src/install/perception_interfaces/local/lib/python3.10/dist-packages/perception_interfaces/msg/_tracked_object.py'...
[2.385s] -- Installing: /home/hunter/Robot_Perception_System/perception_stack_ws/src/install/perception_interfaces/lib/libperception_interfaces__rosidl_generator_py.so
[2.386s] -- Set runtime path of "/home/hunter/Robot_Perception_System/perception_stack_ws/src/install/perception_interfaces/lib/libperception_interfaces__rosidl_generator_py.so" to ""
[2.386s] -- Installing: /home/hunter/Robot_Perception_System/perception_stack_ws/src/install/perception_interfaces/share/perception_interfaces/cmake/export_perception_interfaces__rosidl_generator_cExport.cmake
[2.386s] -- Installing: /home/hunter/Robot_Perception_System/perception_stack_ws/src/install/perception_interfaces/share/perception_interfaces/cmake/export_perception_interfaces__rosidl_generator_cExport-noconfig.cmake
[2.386s] -- Installing: /home/hunter/Robot_Perception_System/perception_stack_ws/src/install/perception_interfaces/share/perception_interfaces/cmake/export_perception_interfaces__rosidl_typesupport_fastrtps_cExport.cmake
[2.386s] -- Installing: /home/hunter/Robot_Perception_System/perception_stack_ws/src/install/perception_interfaces/share/perception_interfaces/cmake/export_perception_interfaces__rosidl_typesupport_fastrtps_cExport-noconfig.cmake
[2.386s] -- Installing: /home/hunter/Robot_Perception_System/perception_stack_ws/src/install/perception_interfaces/share/perception_interfaces/cmake/perception_interfaces__rosidl_typesupport_introspection_cExport.cmake
[2.386s] -- Installing: /home/hunter/Robot_Perception_System/perception_stack_ws/src/install/perception_interfaces/share/perception_interfaces/cmake/perception_interfaces__rosidl_typesupport_introspection_cExport-noconfig.cmake
[2.386s] -- Installing: /home/hunter/Robot_Perception_System/perception_stack_ws/src/install/perception_interfaces/share/perception_interfaces/cmake/perception_interfaces__rosidl_typesupport_cExport.cmake
[2.386s] -- Installing: /home/hunter/Robot_Perception_System/perception_stack_ws/src/install/perception_interfaces/share/perception_interfaces/cmake/perception_interfaces__rosidl_typesupport_cExport-noconfig.cmake
[2.386s] -- Installing: /home/hunter/Robot_Perception_System/perception_stack_ws/src/install/perception_interfaces/share/perception_interfaces/cmake/export_perception_interfaces__rosidl_generator_cppExport.cmake
[2.386s] -- Installing: /home/hunter/Robot_Perception_System/perception_stack_ws/src/install/perception_interfaces/share/perception_interfaces/cmake/export_perception_interfaces__rosidl_typesupport_fastrtps_cppExport.cmake
[2.386s] -- Installing: /home/hunter/Robot_Perception_System/perception_stack_ws/src/install/perception_interfaces/share/perception_interfaces/cmake/export_perception_interfaces__rosidl_typesupport_fastrtps_cppExport-noconfig.cmake
[2.386s] -- Installing: /home/hunter/Robot_Perception_System/perception_stack_ws/src/install/perception_interfaces/share/perception_interfaces/cmake/perception_interfaces__rosidl_typesupport_introspection_cppExport.cmake
[2.386s] -- Installing: /home/hunter/Robot_Perception_System/perception_stack_ws/src/install/perception_interfaces/share/perception_interfaces/cmake/perception_interfaces__rosidl_typesupport_introspection_cppExport-noconfig.cmake
[2.386s] -- Installing: /home/hunter/Robot_Perception_System/perception_stack_ws/src/install/perception_interfaces/share/perception_interfaces/cmake/perception_interfaces__rosidl_typesupport_cppExport.cmake
[2.387s] -- Installing: /home/hunter/Robot_Perception_System/perception_stack_ws/src/install/perception_interfaces/share/perception_interfaces/cmake/perception_interfaces__rosidl_typesupport_cppExport-noconfig.cmake
[2.387s] -- Installing: /home/hunter/Robot_Perception_System/perception_stack_ws/src/install/perception_interfaces/share/perception_interfaces/cmake/export_perception_interfaces__rosidl_generator_pyExport.cmake
[2.387s] -- Installing: /home/hunter/Robot_Perception_System/perception_stack_ws/src/install/perception_interfaces/share/perception_interfaces/cmake/export_perception_interfaces__rosidl_generator_pyExport-noconfig.cmake
[2.389s] Invoked command in '/home/hunter/Robot_Perception_System/perception_stack_ws/src/build/perception_interfaces' returned '0': CMAKE_PREFIX_PATH=${CMAKE_PREFIX_PATH}:/home/hunter/Robot_Perception_System/perception_stack_ws/install/perception:/opt/ros/humble /usr/bin/cmake --install /home/hunter/Robot_Perception_System/perception_stack_ws/src/build/perception_interfaces
