[0.062s] DEBUG:colcon:Command line arguments: ['/usr/bin/colcon', 'build', '--symlink-install', '--packages-select', 'perception']
[0.062s] DEBUG:colcon:Parsed command line arguments: Namespace(log_base=None, log_level=None, verb_name='build', build_base='build', install_base='install', merge_install=False, symlink_install=True, test_result_base=None, continue_on_error=False, executor='parallel', parallel_workers=16, event_handlers=None, ignore_user_meta=False, metas=['./colcon.meta'], base_paths=['.'], packages_ignore=None, packages_ignore_regex=None, paths=None, packages_up_to=None, packages_up_to_regex=None, packages_above=None, packages_above_and_dependencies=None, packages_above_depth=None, packages_select_by_dep=None, packages_skip_by_dep=None, packages_skip_up_to=None, packages_select_build_failed=False, packages_skip_build_finished=False, packages_select_test_failures=False, packages_skip_test_passed=False, packages_select=['perception'], packages_skip=None, packages_select_regex=None, packages_skip_regex=None, packages_start=None, packages_end=None, allow_overriding=[], cmake_args=None, cmake_target=None, cmake_target_skip_unavailable=False, cmake_clean_cache=False, cmake_clean_first=False, cmake_force_configure=False, ament_cmake_args=None, catkin_cmake_args=None, catkin_skip_building_tests=False, verb_parser=<colcon_defaults.argument_parser.defaults.DefaultArgumentsDecorator object at 0x75222b6dce50>, verb_extension=<colcon_core.verb.build.BuildVerb object at 0x75222b86a1d0>, main=<bound method BuildVerb.main of <colcon_core.verb.build.BuildVerb object at 0x75222b86a1d0>>)
[0.159s] Level 1:colcon.colcon_core.package_discovery:discover_packages(colcon_meta) check parameters
[0.159s] Level 1:colcon.colcon_core.package_discovery:discover_packages(recursive) check parameters
[0.159s] Level 1:colcon.colcon_core.package_discovery:discover_packages(ignore) check parameters
[0.159s] Level 1:colcon.colcon_core.package_discovery:discover_packages(path) check parameters
[0.159s] Level 1:colcon.colcon_core.package_discovery:discover_packages(colcon_meta) discover
[0.159s] Level 1:colcon.colcon_core.package_discovery:discover_packages(recursive) discover
[0.159s] INFO:colcon.colcon_core.package_discovery:Crawling recursively for packages in '/home/hunter/Robot_Perception_System/perception_stack_ws/src'
[0.159s] Level 1:colcon.colcon_core.package_identification:_identify(.) by extensions ['ignore', 'ignore_ament_install']
[0.159s] Level 1:colcon.colcon_core.package_identification:_identify(.) by extension 'ignore'
[0.159s] Level 1:colcon.colcon_core.package_identification:_identify(.) by extension 'ignore_ament_install'
[0.159s] Level 1:colcon.colcon_core.package_identification:_identify(.) by extensions ['colcon_pkg']
[0.159s] Level 1:colcon.colcon_core.package_identification:_identify(.) by extension 'colcon_pkg'
[0.159s] Level 1:colcon.colcon_core.package_identification:_identify(.) by extensions ['colcon_meta']
[0.159s] Level 1:colcon.colcon_core.package_identification:_identify(.) by extension 'colcon_meta'
[0.159s] Level 1:colcon.colcon_core.package_identification:_identify(.) by extensions ['ros']
[0.159s] Level 1:colcon.colcon_core.package_identification:_identify(.) by extension 'ros'
[0.166s] Level 1:colcon.colcon_core.package_identification:_identify(.) by extensions ['cmake', 'python']
[0.166s] Level 1:colcon.colcon_core.package_identification:_identify(.) by extension 'cmake'
[0.166s] Level 1:colcon.colcon_core.package_identification:_identify(.) by extension 'python'
[0.166s] Level 1:colcon.colcon_core.package_identification:_identify(.) by extensions ['python_setup_py']
[0.166s] Level 1:colcon.colcon_core.package_identification:_identify(.) by extension 'python_setup_py'
[0.166s] Level 1:colcon.colcon_core.package_identification:_identify(artifacts) by extensions ['ignore', 'ignore_ament_install']
[0.166s] Level 1:colcon.colcon_core.package_identification:_identify(artifacts) by extension 'ignore'
[0.166s] Level 1:colcon.colcon_core.package_identification:_identify(artifacts) by extension 'ignore_ament_install'
[0.166s] Level 1:colcon.colcon_core.package_identification:_identify(artifacts) by extensions ['colcon_pkg']
[0.166s] Level 1:colcon.colcon_core.package_identification:_identify(artifacts) by extension 'colcon_pkg'
[0.166s] Level 1:colcon.colcon_core.package_identification:_identify(artifacts) by extensions ['colcon_meta']
[0.166s] Level 1:colcon.colcon_core.package_identification:_identify(artifacts) by extension 'colcon_meta'
[0.166s] Level 1:colcon.colcon_core.package_identification:_identify(artifacts) by extensions ['ros']
[0.166s] Level 1:colcon.colcon_core.package_identification:_identify(artifacts) by extension 'ros'
[0.167s] Level 1:colcon.colcon_core.package_identification:_identify(artifacts) by extensions ['cmake', 'python']
[0.167s] Level 1:colcon.colcon_core.package_identification:_identify(artifacts) by extension 'cmake'
[0.167s] Level 1:colcon.colcon_core.package_identification:_identify(artifacts) by extension 'python'
[0.167s] Level 1:colcon.colcon_core.package_identification:_identify(artifacts) by extensions ['python_setup_py']
[0.167s] Level 1:colcon.colcon_core.package_identification:_identify(artifacts) by extension 'python_setup_py'
[0.167s] Level 1:colcon.colcon_core.package_identification:_identify(build) by extensions ['ignore', 'ignore_ament_install']
[0.167s] Level 1:colcon.colcon_core.package_identification:_identify(build) by extension 'ignore'
[0.167s] Level 1:colcon.colcon_core.package_identification:_identify(build) ignored
[0.167s] Level 1:colcon.colcon_core.package_identification:_identify(install) by extensions ['ignore', 'ignore_ament_install']
[0.167s] Level 1:colcon.colcon_core.package_identification:_identify(install) by extension 'ignore'
[0.167s] Level 1:colcon.colcon_core.package_identification:_identify(install) ignored
[0.167s] Level 1:colcon.colcon_core.package_identification:_identify(log) by extensions ['ignore', 'ignore_ament_install']
[0.167s] Level 1:colcon.colcon_core.package_identification:_identify(log) by extension 'ignore'
[0.167s] Level 1:colcon.colcon_core.package_identification:_identify(log) ignored
[0.167s] Level 1:colcon.colcon_core.package_identification:_identify(perception) by extensions ['ignore', 'ignore_ament_install']
[0.167s] Level 1:colcon.colcon_core.package_identification:_identify(perception) by extension 'ignore'
[0.167s] Level 1:colcon.colcon_core.package_identification:_identify(perception) by extension 'ignore_ament_install'
[0.167s] Level 1:colcon.colcon_core.package_identification:_identify(perception) by extensions ['colcon_pkg']
[0.167s] Level 1:colcon.colcon_core.package_identification:_identify(perception) by extension 'colcon_pkg'
[0.167s] Level 1:colcon.colcon_core.package_identification:_identify(perception) by extensions ['colcon_meta']
[0.167s] Level 1:colcon.colcon_core.package_identification:_identify(perception) by extension 'colcon_meta'
[0.167s] Level 1:colcon.colcon_core.package_identification:_identify(perception) by extensions ['ros']
[0.167s] Level 1:colcon.colcon_core.package_identification:_identify(perception) by extension 'ros'
[0.169s] DEBUG:colcon.colcon_core.package_identification:Package 'perception' with type 'ros.ament_python' and name 'perception'
[0.169s] Level 1:colcon.colcon_core.package_identification:_identify(perception_interfaces) by extensions ['ignore', 'ignore_ament_install']
[0.169s] Level 1:colcon.colcon_core.package_identification:_identify(perception_interfaces) by extension 'ignore'
[0.169s] Level 1:colcon.colcon_core.package_identification:_identify(perception_interfaces) by extension 'ignore_ament_install'
[0.169s] Level 1:colcon.colcon_core.package_identification:_identify(perception_interfaces) by extensions ['colcon_pkg']
[0.169s] Level 1:colcon.colcon_core.package_identification:_identify(perception_interfaces) by extension 'colcon_pkg'
[0.169s] Level 1:colcon.colcon_core.package_identification:_identify(perception_interfaces) by extensions ['colcon_meta']
[0.169s] Level 1:colcon.colcon_core.package_identification:_identify(perception_interfaces) by extension 'colcon_meta'
[0.169s] Level 1:colcon.colcon_core.package_identification:_identify(perception_interfaces) by extensions ['ros']
[0.169s] Level 1:colcon.colcon_core.package_identification:_identify(perception_interfaces) by extension 'ros'
[0.169s] DEBUG:colcon.colcon_core.package_identification:Package 'perception_interfaces' with type 'ros.ament_cmake' and name 'perception_interfaces'
[0.169s] Level 1:colcon.colcon_core.package_discovery:discover_packages(recursive) using defaults
[0.169s] Level 1:colcon.colcon_core.package_discovery:discover_packages(ignore) discover
[0.170s] Level 1:colcon.colcon_core.package_discovery:discover_packages(ignore) using defaults
[0.170s] Level 1:colcon.colcon_core.package_discovery:discover_packages(path) discover
[0.170s] Level 1:colcon.colcon_core.package_discovery:discover_packages(path) using defaults
[0.182s] INFO:colcon.colcon_core.package_selection:Skipping not selected package 'perception_interfaces' in 'perception_interfaces'
[0.182s] Level 1:colcon.colcon_core.package_discovery:discover_packages(prefix_path) check parameters
[0.182s] Level 1:colcon.colcon_core.package_discovery:discover_packages(prefix_path) discover
[0.183s] DEBUG:colcon.colcon_installed_package_information.package_discovery:Found 2 installed packages in /home/hunter/Robot_Perception_System/perception_stack_ws/src/install
[0.184s] DEBUG:colcon.colcon_installed_package_information.package_discovery:Found 2 installed packages in /home/hunter/Robot_Perception_System/perception_stack_ws/install
[0.184s] DEBUG:colcon.colcon_installed_package_information.package_discovery:Found 0 installed packages in /home/hunter/Speed_ws/src/install
[0.184s] DEBUG:colcon.colcon_installed_package_information.package_discovery:Found 271 installed packages in /opt/ros/humble
[0.191s] Level 1:colcon.colcon_core.package_discovery:discover_packages(prefix_path) using defaults
[0.212s] Level 5:colcon.colcon_core.verb:set package 'perception' build argument 'cmake_args' from command line to 'None'
[0.212s] Level 5:colcon.colcon_core.verb:set package 'perception' build argument 'cmake_target' from command line to 'None'
[0.212s] Level 5:colcon.colcon_core.verb:set package 'perception' build argument 'cmake_target_skip_unavailable' from command line to 'False'
[0.212s] Level 5:colcon.colcon_core.verb:set package 'perception' build argument 'cmake_clean_cache' from command line to 'False'
[0.212s] Level 5:colcon.colcon_core.verb:set package 'perception' build argument 'cmake_clean_first' from command line to 'False'
[0.212s] Level 5:colcon.colcon_core.verb:set package 'perception' build argument 'cmake_force_configure' from command line to 'False'
[0.212s] Level 5:colcon.colcon_core.verb:set package 'perception' build argument 'ament_cmake_args' from command line to 'None'
[0.212s] Level 5:colcon.colcon_core.verb:set package 'perception' build argument 'catkin_cmake_args' from command line to 'None'
[0.212s] Level 5:colcon.colcon_core.verb:set package 'perception' build argument 'catkin_skip_building_tests' from command line to 'False'
[0.212s] DEBUG:colcon.colcon_core.verb:Building package 'perception' with the following arguments: {'ament_cmake_args': None, 'build_base': '/home/hunter/Robot_Perception_System/perception_stack_ws/src/build/perception', 'catkin_cmake_args': None, 'catkin_skip_building_tests': False, 'cmake_args': None, 'cmake_clean_cache': False, 'cmake_clean_first': False, 'cmake_force_configure': False, 'cmake_target': None, 'cmake_target_skip_unavailable': False, 'install_base': '/home/hunter/Robot_Perception_System/perception_stack_ws/src/install/perception', 'merge_install': False, 'path': '/home/hunter/Robot_Perception_System/perception_stack_ws/src/perception', 'symlink_install': True, 'test_result_base': None}
[0.212s] INFO:colcon.colcon_core.executor:Executing jobs using 'parallel' executor
[0.213s] DEBUG:colcon.colcon_parallel_executor.executor.parallel:run_until_complete
[0.213s] INFO:colcon.colcon_ros.task.ament_python.build:Building ROS package in '/home/hunter/Robot_Perception_System/perception_stack_ws/src/perception' with build type 'ament_python'
[0.213s] Level 1:colcon.colcon_core.shell:create_environment_hook('perception', 'ament_prefix_path')
[0.214s] INFO:colcon.colcon_core.plugin_system:Skipping extension 'colcon_core.shell.bat': Not used on non-Windows systems
[0.214s] INFO:colcon.colcon_core.shell:Creating environment hook '/home/hunter/Robot_Perception_System/perception_stack_ws/src/install/perception/share/perception/hook/ament_prefix_path.ps1'
[0.214s] INFO:colcon.colcon_core.shell:Creating environment descriptor '/home/hunter/Robot_Perception_System/perception_stack_ws/src/install/perception/share/perception/hook/ament_prefix_path.dsv'
[0.215s] INFO:colcon.colcon_core.shell:Creating environment hook '/home/hunter/Robot_Perception_System/perception_stack_ws/src/install/perception/share/perception/hook/ament_prefix_path.sh'
[0.215s] INFO:colcon.colcon_core.shell:Skip shell extension 'powershell' for command environment: Not usable outside of PowerShell
[0.215s] DEBUG:colcon.colcon_core.shell:Skip shell extension 'dsv' for command environment
[0.370s] INFO:colcon.colcon_core.task.python.build:Building Python package in '/home/hunter/Robot_Perception_System/perception_stack_ws/src/perception'
[0.370s] INFO:colcon.colcon_core.shell:Skip shell extension 'powershell' for command environment: Not usable outside of PowerShell
[0.370s] DEBUG:colcon.colcon_core.shell:Skip shell extension 'dsv' for command environment
[0.569s] DEBUG:colcon.colcon_core.event_handler.log_command:Invoking command in '/home/hunter/Robot_Perception_System/perception_stack_ws/src/build/perception': PYTHONPATH=/home/hunter/Robot_Perception_System/perception_stack_ws/src/build/perception/prefix_override:/usr/lib/python3/dist-packages/colcon_core/task/python/colcon_distutils_commands:/home/hunter/Robot_Perception_System/perception_stack_ws/src/install/perception/lib/python3.10/site-packages:${PYTHONPATH} /usr/bin/python3 -W ignore:setup.py install is deprecated -W ignore:easy_install command is deprecated setup.py develop --editable --build-directory /home/hunter/Robot_Perception_System/perception_stack_ws/src/build/perception/build --no-deps symlink_data
[0.835s] Level 1:colcon.colcon_core.shell:create_environment_hook('perception', 'pythonpath_develop')
[0.836s] INFO:colcon.colcon_core.shell:Creating environment hook '/home/hunter/Robot_Perception_System/perception_stack_ws/src/build/perception/share/perception/hook/pythonpath_develop.ps1'
[0.836s] DEBUG:colcon.colcon_core.event_handler.log_command:Invoked command in '/home/hunter/Robot_Perception_System/perception_stack_ws/src/build/perception' returned '0': PYTHONPATH=/home/hunter/Robot_Perception_System/perception_stack_ws/src/build/perception/prefix_override:/usr/lib/python3/dist-packages/colcon_core/task/python/colcon_distutils_commands:/home/hunter/Robot_Perception_System/perception_stack_ws/src/install/perception/lib/python3.10/site-packages:${PYTHONPATH} /usr/bin/python3 -W ignore:setup.py install is deprecated -W ignore:easy_install command is deprecated setup.py develop --editable --build-directory /home/hunter/Robot_Perception_System/perception_stack_ws/src/build/perception/build --no-deps symlink_data
[0.836s] INFO:colcon.colcon_core.shell:Creating environment descriptor '/home/hunter/Robot_Perception_System/perception_stack_ws/src/build/perception/share/perception/hook/pythonpath_develop.dsv'
[0.836s] INFO:colcon.colcon_core.shell:Creating environment hook '/home/hunter/Robot_Perception_System/perception_stack_ws/src/build/perception/share/perception/hook/pythonpath_develop.sh'
[0.838s] Level 1:colcon.colcon_core.environment:checking '/home/hunter/Robot_Perception_System/perception_stack_ws/src/install/perception' for CMake module files
[0.838s] Level 1:colcon.colcon_core.environment:checking '/home/hunter/Robot_Perception_System/perception_stack_ws/src/install/perception' for CMake config files
[0.838s] Level 1:colcon.colcon_core.environment:checking '/home/hunter/Robot_Perception_System/perception_stack_ws/src/install/perception/lib'
[0.839s] Level 1:colcon.colcon_core.environment:checking '/home/hunter/Robot_Perception_System/perception_stack_ws/src/install/perception/bin'
[0.839s] Level 1:colcon.colcon_core.environment:checking '/home/hunter/Robot_Perception_System/perception_stack_ws/src/install/perception/lib/pkgconfig/perception.pc'
[0.839s] Level 1:colcon.colcon_core.environment:checking '/home/hunter/Robot_Perception_System/perception_stack_ws/src/install/perception/lib/python3.10/site-packages'
[0.839s] Level 1:colcon.colcon_core.shell:create_environment_hook('perception', 'pythonpath')
[0.839s] INFO:colcon.colcon_core.shell:Creating environment hook '/home/hunter/Robot_Perception_System/perception_stack_ws/src/install/perception/share/perception/hook/pythonpath.ps1'
[0.839s] INFO:colcon.colcon_core.shell:Creating environment descriptor '/home/hunter/Robot_Perception_System/perception_stack_ws/src/install/perception/share/perception/hook/pythonpath.dsv'
[0.839s] INFO:colcon.colcon_core.shell:Creating environment hook '/home/hunter/Robot_Perception_System/perception_stack_ws/src/install/perception/share/perception/hook/pythonpath.sh'
[0.840s] Level 1:colcon.colcon_core.environment:checking '/home/hunter/Robot_Perception_System/perception_stack_ws/src/install/perception/bin'
[0.840s] Level 1:colcon.colcon_core.environment:create_environment_scripts_only(perception)
[0.840s] INFO:colcon.colcon_core.shell:Creating package script '/home/hunter/Robot_Perception_System/perception_stack_ws/src/install/perception/share/perception/package.ps1'
[0.840s] INFO:colcon.colcon_core.shell:Creating package descriptor '/home/hunter/Robot_Perception_System/perception_stack_ws/src/install/perception/share/perception/package.dsv'
[0.841s] INFO:colcon.colcon_core.shell:Creating package script '/home/hunter/Robot_Perception_System/perception_stack_ws/src/install/perception/share/perception/package.sh'
[0.841s] INFO:colcon.colcon_core.shell:Creating package script '/home/hunter/Robot_Perception_System/perception_stack_ws/src/install/perception/share/perception/package.bash'
[0.842s] INFO:colcon.colcon_core.shell:Creating package script '/home/hunter/Robot_Perception_System/perception_stack_ws/src/install/perception/share/perception/package.zsh'
[0.842s] Level 1:colcon.colcon_core.environment:create_file_with_runtime_dependencies(/home/hunter/Robot_Perception_System/perception_stack_ws/src/install/perception/share/colcon-core/packages/perception)
[0.842s] DEBUG:colcon.colcon_parallel_executor.executor.parallel:closing loop
[0.843s] DEBUG:colcon.colcon_parallel_executor.executor.parallel:loop closed
[0.843s] DEBUG:colcon.colcon_parallel_executor.executor.parallel:run_until_complete finished with '0'
[0.843s] DEBUG:colcon.colcon_core.event_reactor:joining thread
[0.846s] INFO:colcon.colcon_core.plugin_system:Skipping extension 'colcon_notification.desktop_notification.terminal_notifier': Not used on non-Darwin systems
[0.846s] INFO:colcon.colcon_core.plugin_system:Skipping extension 'colcon_notification.desktop_notification.win32': Not used on non-Windows systems
[0.847s] INFO:colcon.colcon_notification.desktop_notification:Sending desktop notification using 'notify2'
[0.854s] DEBUG:colcon.colcon_core.event_reactor:joined thread
[0.854s] INFO:colcon.colcon_core.shell:Creating prefix script '/home/hunter/Robot_Perception_System/perception_stack_ws/src/install/local_setup.ps1'
[0.855s] INFO:colcon.colcon_core.shell:Creating prefix util module '/home/hunter/Robot_Perception_System/perception_stack_ws/src/install/_local_setup_util_ps1.py'
[0.855s] INFO:colcon.colcon_core.shell:Creating prefix chain script '/home/hunter/Robot_Perception_System/perception_stack_ws/src/install/setup.ps1'
[0.856s] INFO:colcon.colcon_core.shell:Creating prefix script '/home/hunter/Robot_Perception_System/perception_stack_ws/src/install/local_setup.sh'
[0.856s] INFO:colcon.colcon_core.shell:Creating prefix util module '/home/hunter/Robot_Perception_System/perception_stack_ws/src/install/_local_setup_util_sh.py'
[0.857s] INFO:colcon.colcon_core.shell:Creating prefix chain script '/home/hunter/Robot_Perception_System/perception_stack_ws/src/install/setup.sh'
[0.857s] INFO:colcon.colcon_core.shell:Creating prefix script '/home/hunter/Robot_Perception_System/perception_stack_ws/src/install/local_setup.bash'
[0.858s] INFO:colcon.colcon_core.shell:Creating prefix chain script '/home/hunter/Robot_Perception_System/perception_stack_ws/src/install/setup.bash'
[0.858s] INFO:colcon.colcon_core.shell:Creating prefix script '/home/hunter/Robot_Perception_System/perception_stack_ws/src/install/local_setup.zsh'
[0.858s] INFO:colcon.colcon_core.shell:Creating prefix chain script '/home/hunter/Robot_Perception_System/perception_stack_ws/src/install/setup.zsh'
